Determining if the pthread_create exist failed with the following output:
Change Dir: /home/michaaga/openvslam/build/CMakeFiles/CMakeTmp

Run Build Command:"/usr/bin/make" "cmTC_82e1a/fast"
/usr/bin/make -f CMakeFiles/cmTC_82e1a.dir/build.make CMakeFiles/cmTC_82e1a.dir/build
make[1]: Entering directory '/home/michaaga/openvslam/build/CMakeFiles/CMakeTmp'
Building C object CMakeFiles/cmTC_82e1a.dir/CheckSymbolExists.c.o
/usr/bin/cc    -Wall -Wextra -mtune=native -march=native    -o CMakeFiles/cmTC_82e1a.dir/CheckSymbolExists.c.o   -c /home/michaaga/openvslam/build/CMakeFiles/CMakeTmp/CheckSymbolExists.c
Linking C executable cmTC_82e1a
/usr/bin/cmake -E cmake_link_script CMakeFiles/cmTC_82e1a.dir/link.txt --verbose=1
/usr/bin/cc   -Wall -Wextra -mtune=native -march=native     CMakeFiles/cmTC_82e1a.dir/CheckSymbolExists.c.o  -o cmTC_82e1a -rdynamic 
CMakeFiles/cmTC_82e1a.dir/CheckSymbolExists.c.o: In function `main':
CheckSymbolExists.c:(.text+0x16): undefined reference to `pthread_create'
collect2: error: ld returned 1 exit status
CMakeFiles/cmTC_82e1a.dir/build.make:97: recipe for target 'cmTC_82e1a' failed
make[1]: *** [cmTC_82e1a] Error 1
make[1]: Leaving directory '/home/michaaga/openvslam/build/CMakeFiles/CMakeTmp'
Makefile:126: recipe for target 'cmTC_82e1a/fast' failed
make: *** [cmTC_82e1a/fast] Error 2

File /home/michaaga/openvslam/build/CMakeFiles/CMakeTmp/CheckSymbolExists.c:
/* */
#include <pthread.h>

int main(int argc, char** argv)
{
  (void)argv;
#ifndef pthread_create
  return ((int*)(&pthread_create))[argc];
#else
  (void)argc;
  return 0;
#endif
}

Determining if the function pthread_create exists in the pthreads failed with the following output:
Change Dir: /home/michaaga/openvslam/build/CMakeFiles/CMakeTmp

Run Build Command:"/usr/bin/make" "cmTC_58ab7/fast"
/usr/bin/make -f CMakeFiles/cmTC_58ab7.dir/build.make CMakeFiles/cmTC_58ab7.dir/build
make[1]: Entering directory '/home/michaaga/openvslam/build/CMakeFiles/CMakeTmp'
Building C object CMakeFiles/cmTC_58ab7.dir/CheckFunctionExists.c.o
/usr/bin/cc    -Wall -Wextra -mtune=native -march=native -DCHECK_FUNCTION_EXISTS=pthread_create   -o CMakeFiles/cmTC_58ab7.dir/CheckFunctionExists.c.o   -c /usr/share/cmake-3.5/Modules/CheckFunctionExists.c
Linking C executable cmTC_58ab7
/usr/bin/cmake -E cmake_link_script CMakeFiles/cmTC_58ab7.dir/link.txt --verbose=1
/usr/bin/cc   -Wall -Wextra -mtune=native -march=native -DCHECK_FUNCTION_EXISTS=pthread_create    CMakeFiles/cmTC_58ab7.dir/CheckFunctionExists.c.o  -o cmTC_58ab7 -rdynamic -lpthreads 
/usr/bin/ld: cannot find -lpthreads
collect2: error: ld returned 1 exit status
CMakeFiles/cmTC_58ab7.dir/build.make:97: recipe for target 'cmTC_58ab7' failed
make[1]: *** [cmTC_58ab7] Error 1
make[1]: Leaving directory '/home/michaaga/openvslam/build/CMakeFiles/CMakeTmp'
Makefile:126: recipe for target 'cmTC_58ab7/fast' failed
make: *** [cmTC_58ab7/fast] Error 2


